
*** Running vivado
    with args -log debounce.vdi -applog -m64 -product Vivado -messageDb vivado.pb -mode batch -source debounce.tcl -notrace



****** Vivado v2021.2 (64-bit)
  **** SW Build 3367213 on Tue Oct 19 02:48:09 MDT 2021
  **** IP Build 3369179 on Thu Oct 21 08:25:16 MDT 2021
    ** Copyright 1986-2021 Xilinx, Inc. All Rights Reserved.

source debounce.tcl -notrace
Command: link_design -top debounce -part xc7a35tcpg236-1
Design is defaulting to srcset: sources_1
Design is defaulting to constrset: constrs_1
INFO: [Device 21-403] Loading part xc7a35tcpg236-1
Netlist sorting complete. Time (s): cpu = 00:00:00 ; elapsed = 00:00:00.001 . Memory (MB): peak = 1552.754 ; gain = 0.000
INFO: [Netlist 29-17] Analyzing 8 Unisim elements for replacement
INFO: [Netlist 29-28] Unisim Transformation completed in 0 CPU seconds
INFO: [Project 1-479] Netlist was created with Vivado 2021.2
INFO: [Project 1-570] Preparing netlist for logic optimization
Parsing XDC File [C:/Users/User/Desktop/Anstek Training/LAB2/Debounce/Debounce.srcs/constrs_1/new/debounce.xdc]
Finished Parsing XDC File [C:/Users/User/Desktop/Anstek Training/LAB2/Debounce/Debounce.srcs/constrs_1/new/debounce.xdc]
INFO: [Opt 31-138] Pushed 0 inverter(s) to 0 load pin(s).
Netlist sorting complete. Time (s): cpu = 00:00:00 ; elapsed = 00:00:00 . Memory (MB): peak = 1552.754 ; gain = 0.000
INFO: [Project 1-111] Unisim Transformation Summary:
No Unisim elements were transformed.

7 Infos, 0 Warnings, 0 Critical Warnings and 0 Errors encountered.
link_design completed successfully
link_design: Time (s): cpu = 00:00:06 ; elapsed = 00:00:07 . Memory (MB): peak = 1552.754 ; gain = 0.000
Command: opt_design
Attempting to get a license for feature 'Implementation' and/or device 'xc7a35t'
INFO: [Common 17-349] Got license for feature 'Implementation' and/or device 'xc7a35t'
Running DRC as a precondition to command opt_design

Starting DRC Task
INFO: [DRC 23-27] Running DRC with 2 threads
INFO: [Project 1-461] DRC finished with 0 Errors
INFO: [Project 1-462] Please refer to the DRC report (report_drc) for more information.

Time (s): cpu = 00:00:02 ; elapsed = 00:00:01 . Memory (MB): peak = 1552.754 ; gain = 0.000

Starting Cache Timing Information Task
INFO: [Timing 38-35] Done setting XDC timing constraints.
Ending Cache Timing Information Task | Checksum: 170893e09

Time (s): cpu = 00:00:09 ; elapsed = 00:00:10 . Memory (MB): peak = 1732.500 ; gain = 179.746

Starting Logic Optimization Task

Phase 1 Retarget
INFO: [Opt 31-138] Pushed 0 inverter(s) to 0 load pin(s).
INFO: [Opt 31-49] Retargeted 0 cell(s).
Phase 1 Retarget | Checksum: 170893e09

Time (s): cpu = 00:00:00 ; elapsed = 00:00:00.016 . Memory (MB): peak = 2030.078 ; gain = 0.000
INFO: [Opt 31-389] Phase Retarget created 0 cells and removed 0 cells

Phase 2 Constant propagation
INFO: [Opt 31-138] Pushed 0 inverter(s) to 0 load pin(s).
Phase 2 Constant propagation | Checksum: 170893e09

Time (s): cpu = 00:00:00 ; elapsed = 00:00:00.018 . Memory (MB): peak = 2030.078 ; gain = 0.000
INFO: [Opt 31-389] Phase Constant propagation created 0 cells and removed 0 cells

Phase 3 Sweep
Phase 3 Sweep | Checksum: 232877739

Time (s): cpu = 00:00:00 ; elapsed = 00:00:00.021 . Memory (MB): peak = 2030.078 ; gain = 0.000
INFO: [Opt 31-389] Phase Sweep created 0 cells and removed 0 cells

Phase 4 BUFG optimization
Phase 4 BUFG optimization | Checksum: 232877739

Time (s): cpu = 00:00:00 ; elapsed = 00:00:00.026 . Memory (MB): peak = 2030.078 ; gain = 0.000
INFO: [Opt 31-662] Phase BUFG optimization created 0 cells of which 0 are BUFGs and removed 0 cells.

Phase 5 Shift Register Optimization
INFO: [Opt 31-1064] SRL Remap converted 0 SRLs to 0 registers and converted 0 registers of register chains to 0 SRLs
Phase 5 Shift Register Optimization | Checksum: 232877739

Time (s): cpu = 00:00:00 ; elapsed = 00:00:00.028 . Memory (MB): peak = 2030.078 ; gain = 0.000
INFO: [Opt 31-389] Phase Shift Register Optimization created 0 cells and removed 0 cells

Phase 6 Post Processing Netlist
Phase 6 Post Processing Netlist | Checksum: 232877739

Time (s): cpu = 00:00:00 ; elapsed = 00:00:00.029 . Memory (MB): peak = 2030.078 ; gain = 0.000
INFO: [Opt 31-389] Phase Post Processing Netlist created 0 cells and removed 0 cells
Opt_design Change Summary
=========================


-------------------------------------------------------------------------------------------------------------------------
|  Phase                        |  #Cells created  |  #Cells Removed  |  #Constrained objects preventing optimizations  |
-------------------------------------------------------------------------------------------------------------------------
|  Retarget                     |               0  |               0  |                                              0  |
|  Constant propagation         |               0  |               0  |                                              0  |
|  Sweep                        |               0  |               0  |                                              0  |
|  BUFG optimization            |               0  |               0  |                                              0  |
|  Shift Register Optimization  |               0  |               0  |                                              0  |
|  Post Processing Netlist      |               0  |               0  |                                              0  |
-------------------------------------------------------------------------------------------------------------------------



Starting Connectivity Check Task

Time (s): cpu = 00:00:00 ; elapsed = 00:00:00.001 . Memory (MB): peak = 2030.078 ; gain = 0.000
Ending Logic Optimization Task | Checksum: 1404ae53d

Time (s): cpu = 00:00:00 ; elapsed = 00:00:00.041 . Memory (MB): peak = 2030.078 ; gain = 0.000

Starting Power Optimization Task
INFO: [Pwropt 34-132] Skipping clock gating for clocks with a period < 2.00 ns.
Ending Power Optimization Task | Checksum: 1404ae53d

Time (s): cpu = 00:00:00 ; elapsed = 00:00:00.013 . Memory (MB): peak = 2030.078 ; gain = 0.000

Starting Final Cleanup Task
Ending Final Cleanup Task | Checksum: 1404ae53d

Time (s): cpu = 00:00:00 ; elapsed = 00:00:00 . Memory (MB): peak = 2030.078 ; gain = 0.000

Starting Netlist Obfuscation Task
Netlist sorting complete. Time (s): cpu = 00:00:00 ; elapsed = 00:00:00 . Memory (MB): peak = 2030.078 ; gain = 0.000
Ending Netlist Obfuscation Task | Checksum: 1404ae53d

Time (s): cpu = 00:00:00 ; elapsed = 00:00:00 . Memory (MB): peak = 2030.078 ; gain = 0.000
INFO: [Common 17-83] Releasing license: Implementation
24 Infos, 0 Warnings, 0 Critical Warnings and 0 Errors encountered.
opt_design completed successfully
opt_design: Time (s): cpu = 00:00:15 ; elapsed = 00:00:15 . Memory (MB): peak = 2030.078 ; gain = 477.324
INFO: [Timing 38-480] Writing timing data to binary archive.
Writing placer database...
Writing XDEF routing.
Writing XDEF routing logical nets.
Writing XDEF routing special nets.
Write XDEF Complete: Time (s): cpu = 00:00:00 ; elapsed = 00:00:00.056 . Memory (MB): peak = 2030.078 ; gain = 0.000
INFO: [Common 17-1381] The checkpoint 'C:/Users/User/Desktop/Anstek Training/LAB2/Debounce/Debounce.runs/impl_1/debounce_opt.dcp' has been generated.
INFO: [runtcl-4] Executing : report_drc -file debounce_drc_opted.rpt -pb debounce_drc_opted.pb -rpx debounce_drc_opted.rpx
Command: report_drc -file debounce_drc_opted.rpt -pb debounce_drc_opted.pb -rpx debounce_drc_opted.rpx
INFO: [IP_Flow 19-234] Refreshing IP repositories
INFO: [IP_Flow 19-1704] No user IP repositories specified
INFO: [IP_Flow 19-2313] Loaded Vivado IP repository 'C:/Xilinx/Vivado/2021.2/data/ip'.
INFO: [Timing 38-35] Done setting XDC timing constraints.
INFO: [DRC 23-27] Running DRC with 2 threads
INFO: [Vivado_Tcl 2-168] The results of DRC are in file C:/Users/User/Desktop/Anstek Training/LAB2/Debounce/Debounce.runs/impl_1/debounce_drc_opted.rpt.
report_drc completed successfully
Command: place_design
Attempting to get a license for feature 'Implementation' and/or device 'xc7a35t'
INFO: [Common 17-349] Got license for feature 'Implementation' and/or device 'xc7a35t'
INFO: [DRC 23-27] Running DRC with 2 threads
INFO: [Vivado_Tcl 4-198] DRC finished with 0 Errors
INFO: [Vivado_Tcl 4-199] Please refer to the DRC report (report_drc) for more information.
Running DRC as a precondition to command place_design
INFO: [DRC 23-27] Running DRC with 2 threads
INFO: [Vivado_Tcl 4-198] DRC finished with 0 Errors
INFO: [Vivado_Tcl 4-199] Please refer to the DRC report (report_drc) for more information.

Starting Placer Task
INFO: [Place 30-611] Multithreading enabled for place_design using a maximum of 2 CPUs

Phase 1 Placer Initialization

Phase 1.1 Placer Initialization Netlist Sorting
Netlist sorting complete. Time (s): cpu = 00:00:00 ; elapsed = 00:00:00 . Memory (MB): peak = 2070.172 ; gain = 0.000
Phase 1.1 Placer Initialization Netlist Sorting | Checksum: db84f232

Time (s): cpu = 00:00:01 ; elapsed = 00:00:00.007 . Memory (MB): peak = 2070.172 ; gain = 0.000
Netlist sorting complete. Time (s): cpu = 00:00:00 ; elapsed = 00:00:00 . Memory (MB): peak = 2070.172 ; gain = 0.000

Phase 1.2 IO Placement/ Clock Placement/ Build Placer Device
Phase 1.2 IO Placement/ Clock Placement/ Build Placer Device | Checksum: d0aa4d43

Time (s): cpu = 00:00:01 ; elapsed = 00:00:00.362 . Memory (MB): peak = 2070.172 ; gain = 0.000

Phase 1.3 Build Placer Netlist Model
Phase 1.3 Build Placer Netlist Model | Checksum: 1a7bcb8db

Time (s): cpu = 00:00:01 ; elapsed = 00:00:00.388 . Memory (MB): peak = 2070.172 ; gain = 0.000

Phase 1.4 Constrain Clocks/Macros
Phase 1.4 Constrain Clocks/Macros | Checksum: 1a7bcb8db

Time (s): cpu = 00:00:01 ; elapsed = 00:00:00.392 . Memory (MB): peak = 2070.172 ; gain = 0.000
Phase 1 Placer Initialization | Checksum: 1a7bcb8db

Time (s): cpu = 00:00:01 ; elapsed = 00:00:00.396 . Memory (MB): peak = 2070.172 ; gain = 0.000

Phase 2 Global Placement

Phase 2.1 Floorplanning
Phase 2.1 Floorplanning | Checksum: 1a7bcb8db

Time (s): cpu = 00:00:01 ; elapsed = 00:00:00.400 . Memory (MB): peak = 2070.172 ; gain = 0.000

Phase 2.2 Update Timing before SLR Path Opt
Phase 2.2 Update Timing before SLR Path Opt | Checksum: 1a7bcb8db

Time (s): cpu = 00:00:01 ; elapsed = 00:00:00.401 . Memory (MB): peak = 2070.172 ; gain = 0.000

Phase 2.3 Post-Processing in Floorplanning
Phase 2.3 Post-Processing in Floorplanning | Checksum: 1a7bcb8db

Time (s): cpu = 00:00:01 ; elapsed = 00:00:00.401 . Memory (MB): peak = 2070.172 ; gain = 0.000

Phase 2.4 Global Placement Core
WARNING: [Place 46-29] place_design is not in timing mode. Skip physical synthesis in placer
Phase 2.4 Global Placement Core | Checksum: 12beea117

Time (s): cpu = 00:00:02 ; elapsed = 00:00:01 . Memory (MB): peak = 2070.172 ; gain = 0.000
Phase 2 Global Placement | Checksum: 12beea117

Time (s): cpu = 00:00:02 ; elapsed = 00:00:01 . Memory (MB): peak = 2070.172 ; gain = 0.000

Phase 3 Detail Placement

Phase 3.1 Commit Multi Column Macros
Phase 3.1 Commit Multi Column Macros | Checksum: 12beea117

Time (s): cpu = 00:00:02 ; elapsed = 00:00:01 . Memory (MB): peak = 2070.172 ; gain = 0.000

Phase 3.2 Commit Most Macros & LUTRAMs
Phase 3.2 Commit Most Macros & LUTRAMs | Checksum: 219229dcd

Time (s): cpu = 00:00:02 ; elapsed = 00:00:01 . Memory (MB): peak = 2070.172 ; gain = 0.000

Phase 3.3 Area Swap Optimization
Phase 3.3 Area Swap Optimization | Checksum: 225f38e1f

Time (s): cpu = 00:00:03 ; elapsed = 00:00:01 . Memory (MB): peak = 2070.172 ; gain = 0.000

Phase 3.4 Pipeline Register Optimization
Phase 3.4 Pipeline Register Optimization | Checksum: 225f38e1f

Time (s): cpu = 00:00:03 ; elapsed = 00:00:01 . Memory (MB): peak = 2070.172 ; gain = 0.000

Phase 3.5 Small Shape Detail Placement
Phase 3.5 Small Shape Detail Placement | Checksum: 139020930

Time (s): cpu = 00:00:03 ; elapsed = 00:00:01 . Memory (MB): peak = 2070.172 ; gain = 0.000

Phase 3.6 Re-assign LUT pins
Phase 3.6 Re-assign LUT pins | Checksum: 139020930

Time (s): cpu = 00:00:03 ; elapsed = 00:00:01 . Memory (MB): peak = 2070.172 ; gain = 0.000

Phase 3.7 Pipeline Register Optimization
Phase 3.7 Pipeline Register Optimization | Checksum: 139020930

Time (s): cpu = 00:00:03 ; elapsed = 00:00:01 . Memory (MB): peak = 2070.172 ; gain = 0.000
Phase 3 Detail Placement | Checksum: 139020930

Time (s): cpu = 00:00:03 ; elapsed = 00:00:01 . Memory (MB): peak = 2070.172 ; gain = 0.000

Phase 4 Post Placement Optimization and Clean-Up

Phase 4.1 Post Commit Optimization
Phase 4.1 Post Commit Optimization | Checksum: 139020930

Time (s): cpu = 00:00:03 ; elapsed = 00:00:02 . Memory (MB): peak = 2070.172 ; gain = 0.000

Phase 4.2 Post Placement Cleanup
Phase 4.2 Post Placement Cleanup | Checksum: 139020930

Time (s): cpu = 00:00:03 ; elapsed = 00:00:02 . Memory (MB): peak = 2070.172 ; gain = 0.000

Phase 4.3 Placer Reporting

Phase 4.3.1 Print Estimated Congestion
INFO: [Place 30-612] Post-Placement Estimated Congestion 
 ____________________________________________________
|           | Global Congestion | Short Congestion  |
| Direction | Region Size       | Region Size       |
|___________|___________________|___________________|
|      North|                1x1|                1x1|
|___________|___________________|___________________|
|      South|                1x1|                1x1|
|___________|___________________|___________________|
|       East|                1x1|                1x1|
|___________|___________________|___________________|
|       West|                1x1|                1x1|
|___________|___________________|___________________|

Phase 4.3.1 Print Estimated Congestion | Checksum: 139020930

Time (s): cpu = 00:00:03 ; elapsed = 00:00:02 . Memory (MB): peak = 2070.172 ; gain = 0.000
Phase 4.3 Placer Reporting | Checksum: 139020930

Time (s): cpu = 00:00:03 ; elapsed = 00:00:02 . Memory (MB): peak = 2070.172 ; gain = 0.000

Phase 4.4 Final Placement Cleanup
Netlist sorting complete. Time (s): cpu = 00:00:00 ; elapsed = 00:00:00 . Memory (MB): peak = 2070.172 ; gain = 0.000

Time (s): cpu = 00:00:03 ; elapsed = 00:00:02 . Memory (MB): peak = 2070.172 ; gain = 0.000
Phase 4 Post Placement Optimization and Clean-Up | Checksum: 1d2405ee9

Time (s): cpu = 00:00:03 ; elapsed = 00:00:02 . Memory (MB): peak = 2070.172 ; gain = 0.000
Ending Placer Task | Checksum: f5b4aedc

Time (s): cpu = 00:00:03 ; elapsed = 00:00:02 . Memory (MB): peak = 2070.172 ; gain = 0.000
INFO: [Common 17-83] Releasing license: Implementation
43 Infos, 1 Warnings, 0 Critical Warnings and 0 Errors encountered.
place_design completed successfully
INFO: [Timing 38-480] Writing timing data to binary archive.
Writing placer database...
Writing XDEF routing.
Writing XDEF routing logical nets.
Writing XDEF routing special nets.
Write XDEF Complete: Time (s): cpu = 00:00:00 ; elapsed = 00:00:00.068 . Memory (MB): peak = 2070.172 ; gain = 0.000
INFO: [Common 17-1381] The checkpoint 'C:/Users/User/Desktop/Anstek Training/LAB2/Debounce/Debounce.runs/impl_1/debounce_placed.dcp' has been generated.
INFO: [runtcl-4] Executing : report_io -file debounce_io_placed.rpt
report_io: Time (s): cpu = 00:00:00 ; elapsed = 00:00:00.064 . Memory (MB): peak = 2070.172 ; gain = 0.000
INFO: [runtcl-4] Executing : report_utilization -file debounce_utilization_placed.rpt -pb debounce_utilization_placed.pb
INFO: [runtcl-4] Executing : report_control_sets -verbose -file debounce_control_sets_placed.rpt
report_control_sets: Time (s): cpu = 00:00:00 ; elapsed = 00:00:00.005 . Memory (MB): peak = 2070.172 ; gain = 0.000
Command: phys_opt_design
Attempting to get a license for feature 'Implementation' and/or device 'xc7a35t'
INFO: [Common 17-349] Got license for feature 'Implementation' and/or device 'xc7a35t'
INFO: [Vivado_Tcl 4-235] No timing constraint found. The netlist was not modified.
INFO: [Common 17-83] Releasing license: Implementation
51 Infos, 1 Warnings, 0 Critical Warnings and 0 Errors encountered.
phys_opt_design completed successfully
INFO: [Timing 38-480] Writing timing data to binary archive.
Writing placer database...
Writing XDEF routing.
Writing XDEF routing logical nets.
Writing XDEF routing special nets.
Write XDEF Complete: Time (s): cpu = 00:00:00 ; elapsed = 00:00:00.112 . Memory (MB): peak = 2070.172 ; gain = 0.000
INFO: [Common 17-1381] The checkpoint 'C:/Users/User/Desktop/Anstek Training/LAB2/Debounce/Debounce.runs/impl_1/debounce_physopt.dcp' has been generated.
Command: route_design
Attempting to get a license for feature 'Implementation' and/or device 'xc7a35t'
INFO: [Common 17-349] Got license for feature 'Implementation' and/or device 'xc7a35t'
Running DRC as a precondition to command route_design
INFO: [DRC 23-27] Running DRC with 2 threads
INFO: [Vivado_Tcl 4-198] DRC finished with 0 Errors
INFO: [Vivado_Tcl 4-199] Please refer to the DRC report (report_drc) for more information.


Starting Routing Task
INFO: [Route 35-254] Multithreading enabled for route_design using a maximum of 2 CPUs

Phase 1 Build RT Design
Checksum: PlaceDB: 67c1db ConstDB: 0 ShapeSum: f54ced01 RouteDB: 0
Post Restoration Checksum: NetGraph: 59eccfbb NumContArr: 8eabbcba Constraints: 0 Timing: 0
Phase 1 Build RT Design | Checksum: e8988c75

Time (s): cpu = 00:00:27 ; elapsed = 00:00:24 . Memory (MB): peak = 2139.996 ; gain = 63.277

Phase 2 Router Initialization
INFO: [Route 35-64] No timing constraints were detected. The router will operate in resource-optimization mode.

Phase 2.1 Fix Topology Constraints
Phase 2.1 Fix Topology Constraints | Checksum: e8988c75

Time (s): cpu = 00:00:27 ; elapsed = 00:00:24 . Memory (MB): peak = 2146.004 ; gain = 69.285

Phase 2.2 Pre Route Cleanup
Phase 2.2 Pre Route Cleanup | Checksum: e8988c75

Time (s): cpu = 00:00:27 ; elapsed = 00:00:24 . Memory (MB): peak = 2146.004 ; gain = 69.285
 Number of Nodes with overlaps = 0

Router Utilization Summary
  Global Vertical Routing Utilization    = 0 %
  Global Horizontal Routing Utilization  = 0 %
  Routable Net Status*
  *Does not include unroutable nets such as driverless and loadless.
  Run report_route_status for detailed report.
  Number of Failed Nets               = 63
    (Failed Nets is the sum of unrouted and partially routed nets)
  Number of Unrouted Nets             = 63
  Number of Partially Routed Nets     = 0
  Number of Node Overlaps             = 0

Phase 2 Router Initialization | Checksum: 168e37956

Time (s): cpu = 00:00:28 ; elapsed = 00:00:24 . Memory (MB): peak = 2151.426 ; gain = 74.707

Phase 3 Initial Routing

Phase 3.1 Global Routing
Phase 3.1 Global Routing | Checksum: 168e37956

Time (s): cpu = 00:00:28 ; elapsed = 00:00:24 . Memory (MB): peak = 2151.426 ; gain = 74.707
Phase 3 Initial Routing | Checksum: bc95e870

Time (s): cpu = 00:00:28 ; elapsed = 00:00:24 . Memory (MB): peak = 2151.426 ; gain = 74.707

Phase 4 Rip-up And Reroute

Phase 4.1 Global Iteration 0
 Number of Nodes with overlaps = 0
Phase 4.1 Global Iteration 0 | Checksum: 7404339a

Time (s): cpu = 00:00:28 ; elapsed = 00:00:24 . Memory (MB): peak = 2151.426 ; gain = 74.707
Phase 4 Rip-up And Reroute | Checksum: 7404339a

Time (s): cpu = 00:00:28 ; elapsed = 00:00:24 . Memory (MB): peak = 2151.426 ; gain = 74.707

Phase 5 Delay and Skew Optimization
Phase 5 Delay and Skew Optimization | Checksum: 7404339a

Time (s): cpu = 00:00:28 ; elapsed = 00:00:24 . Memory (MB): peak = 2151.426 ; gain = 74.707

Phase 6 Post Hold Fix

Phase 6.1 Hold Fix Iter
Phase 6.1 Hold Fix Iter | Checksum: 7404339a

Time (s): cpu = 00:00:28 ; elapsed = 00:00:24 . Memory (MB): peak = 2151.426 ; gain = 74.707
Phase 6 Post Hold Fix | Checksum: 7404339a

Time (s): cpu = 00:00:28 ; elapsed = 00:00:24 . Memory (MB): peak = 2151.426 ; gain = 74.707

Phase 7 Route finalize

Router Utilization Summary
  Global Vertical Routing Utilization    = 0.00932791 %
  Global Horizontal Routing Utilization  = 0.00950026 %
  Routable Net Status*
  *Does not include unroutable nets such as driverless and loadless.
  Run report_route_status for detailed report.
  Number of Failed Nets               = 0
    (Failed Nets is the sum of unrouted and partially routed nets)
  Number of Unrouted Nets             = 0
  Number of Partially Routed Nets     = 0
  Number of Node Overlaps             = 0

Congestion Report
North Dir 1x1 Area, Max Cong = 9.00901%, No Congested Regions.
South Dir 1x1 Area, Max Cong = 5.40541%, No Congested Regions.
East Dir 1x1 Area, Max Cong = 14.7059%, No Congested Regions.
West Dir 1x1 Area, Max Cong = 2.94118%, No Congested Regions.

------------------------------
Reporting congestion hotspots
------------------------------
Direction: North
----------------
Congested clusters found at Level 0
Effective congestion level: 0 Aspect Ratio: 1 Sparse Ratio: 0
Direction: South
----------------
Congested clusters found at Level 0
Effective congestion level: 0 Aspect Ratio: 1 Sparse Ratio: 0
Direction: East
----------------
Congested clusters found at Level 0
Effective congestion level: 0 Aspect Ratio: 1 Sparse Ratio: 0
Direction: West
----------------
Congested clusters found at Level 0
Effective congestion level: 0 Aspect Ratio: 1 Sparse Ratio: 0

Phase 7 Route finalize | Checksum: 7404339a

Time (s): cpu = 00:00:28 ; elapsed = 00:00:24 . Memory (MB): peak = 2151.426 ; gain = 74.707

Phase 8 Verifying routed nets

 Verification completed successfully
Phase 8 Verifying routed nets | Checksum: 7404339a

Time (s): cpu = 00:00:28 ; elapsed = 00:00:24 . Memory (MB): peak = 2152.160 ; gain = 75.441

Phase 9 Depositing Routes
Phase 9 Depositing Routes | Checksum: 246fd7e8

Time (s): cpu = 00:00:28 ; elapsed = 00:00:24 . Memory (MB): peak = 2152.160 ; gain = 75.441
INFO: [Route 35-16] Router Completed Successfully

Time (s): cpu = 00:00:28 ; elapsed = 00:00:24 . Memory (MB): peak = 2152.160 ; gain = 75.441

Routing Is Done.
INFO: [Common 17-83] Releasing license: Implementation
61 Infos, 1 Warnings, 0 Critical Warnings and 0 Errors encountered.
route_design completed successfully
route_design: Time (s): cpu = 00:00:30 ; elapsed = 00:00:26 . Memory (MB): peak = 2152.160 ; gain = 81.988
INFO: [Timing 38-480] Writing timing data to binary archive.
Writing placer database...
Writing XDEF routing.
Writing XDEF routing logical nets.
Writing XDEF routing special nets.
Write XDEF Complete: Time (s): cpu = 00:00:00 ; elapsed = 00:00:00.071 . Memory (MB): peak = 2161.949 ; gain = 9.789
INFO: [Common 17-1381] The checkpoint 'C:/Users/User/Desktop/Anstek Training/LAB2/Debounce/Debounce.runs/impl_1/debounce_routed.dcp' has been generated.
INFO: [runtcl-4] Executing : report_drc -file debounce_drc_routed.rpt -pb debounce_drc_routed.pb -rpx debounce_drc_routed.rpx
Command: report_drc -file debounce_drc_routed.rpt -pb debounce_drc_routed.pb -rpx debounce_drc_routed.rpx
INFO: [IP_Flow 19-1839] IP Catalog is up to date.
INFO: [DRC 23-27] Running DRC with 2 threads
INFO: [Vivado_Tcl 2-168] The results of DRC are in file C:/Users/User/Desktop/Anstek Training/LAB2/Debounce/Debounce.runs/impl_1/debounce_drc_routed.rpt.
report_drc completed successfully
INFO: [runtcl-4] Executing : report_methodology -file debounce_methodology_drc_routed.rpt -pb debounce_methodology_drc_routed.pb -rpx debounce_methodology_drc_routed.rpx
Command: report_methodology -file debounce_methodology_drc_routed.rpt -pb debounce_methodology_drc_routed.pb -rpx debounce_methodology_drc_routed.rpx
INFO: [Timing 38-35] Done setting XDC timing constraints.
INFO: [DRC 23-133] Running Methodology with 2 threads
INFO: [Vivado_Tcl 2-1520] The results of Report Methodology are in file C:/Users/User/Desktop/Anstek Training/LAB2/Debounce/Debounce.runs/impl_1/debounce_methodology_drc_routed.rpt.
report_methodology completed successfully
INFO: [runtcl-4] Executing : report_power -file debounce_power_routed.rpt -pb debounce_power_summary_routed.pb -rpx debounce_power_routed.rpx
Command: report_power -file debounce_power_routed.rpt -pb debounce_power_summary_routed.pb -rpx debounce_power_routed.rpx
INFO: [Timing 38-35] Done setting XDC timing constraints.
WARNING: [Power 33-232] No user defined clocks were found in the design! Power estimation will be inaccurate until this is corrected.
Resolution: Please specify clocks using create_clock/create_generated_clock for sequential elements. For pure combinatorial circuits, please specify a virtual clock, otherwise the vectorless estimation might be inaccurate
Running Vector-less Activity Propagation...

Finished Running Vector-less Activity Propagation
73 Infos, 2 Warnings, 0 Critical Warnings and 0 Errors encountered.
report_power completed successfully
INFO: [runtcl-4] Executing : report_route_status -file debounce_route_status.rpt -pb debounce_route_status.pb
INFO: [runtcl-4] Executing : report_timing_summary -max_paths 10 -report_unconstrained -file debounce_timing_summary_routed.rpt -pb debounce_timing_summary_routed.pb -rpx debounce_timing_summary_routed.rpx -warn_on_violation 
INFO: [Timing 38-91] UpdateTimingParams: Speed grade: -1, Delay Type: min_max.
INFO: [Timing 38-191] Multithreading enabled for timing update using a maximum of 2 CPUs
WARNING: [Timing 38-313] There are no user specified timing constraints. Timing constraints are needed for proper timing analysis.
INFO: [runtcl-4] Executing : report_incremental_reuse -file debounce_incremental_reuse_routed.rpt
INFO: [Vivado_Tcl 4-1062] Incremental flow is disabled. No incremental reuse Info to report.
INFO: [runtcl-4] Executing : report_clock_utilization -file debounce_clock_utilization_routed.rpt
INFO: [runtcl-4] Executing : report_bus_skew -warn_on_violation -file debounce_bus_skew_routed.rpt -pb debounce_bus_skew_routed.pb -rpx debounce_bus_skew_routed.rpx
INFO: [Timing 38-91] UpdateTimingParams: Speed grade: -1, Delay Type: min_max.
INFO: [Timing 38-191] Multithreading enabled for timing update using a maximum of 2 CPUs
Command: write_bitstream -force debounce.bit
Attempting to get a license for feature 'Implementation' and/or device 'xc7a35t'
INFO: [Common 17-349] Got license for feature 'Implementation' and/or device 'xc7a35t'
Running DRC as a precondition to command write_bitstream
INFO: [IP_Flow 19-1839] IP Catalog is up to date.
INFO: [DRC 23-27] Running DRC with 2 threads
WARNING: [DRC CFGBVS-1] Missing CFGBVS and CONFIG_VOLTAGE Design Properties: Neither the CFGBVS nor CONFIG_VOLTAGE voltage property is set in the current_design.  Configuration bank voltage select (CFGBVS) must be set to VCCO or GND, and CONFIG_VOLTAGE must be set to the correct configuration voltage, in order to determine the I/O voltage support for the pins in bank 0.  It is suggested to specify these either using the 'Edit Device Properties' function in the GUI or directly in the XDC file using the following syntax:

 set_property CFGBVS value1 [current_design]
 #where value1 is either VCCO or GND

 set_property CONFIG_VOLTAGE value2 [current_design]
 #where value2 is the voltage provided to configuration bank 0

Refer to the device configuration user guide for more information.
INFO: [Vivado 12-3199] DRC finished with 0 Errors, 1 Warnings
INFO: [Vivado 12-3200] Please refer to the DRC report (report_drc) for more information.
INFO: [Designutils 20-2272] Running write_bitstream with 2 threads.
Loading data files...
Loading site data...
Loading route data...
Processing options...
Creating bitmap...
Creating bitstream...
Writing bitstream ./debounce.bit...
INFO: [Vivado 12-1842] Bitgen Completed Successfully.
INFO: [Common 17-83] Releasing license: Implementation
11 Infos, 1 Warnings, 0 Critical Warnings and 0 Errors encountered.
write_bitstream completed successfully
write_bitstream: Time (s): cpu = 00:00:15 ; elapsed = 00:00:13 . Memory (MB): peak = 2612.379 ; gain = 417.383
INFO: [Common 17-206] Exiting Vivado at Tue Jun  7 11:13:59 2022...

*** Running vivado
    with args -log debounce.vdi -applog -m64 -product Vivado -messageDb vivado.pb -mode batch -source debounce.tcl -notrace



****** Vivado v2021.2 (64-bit)
  **** SW Build 3367213 on Tue Oct 19 02:48:09 MDT 2021
  **** IP Build 3369179 on Thu Oct 21 08:25:16 MDT 2021
    ** Copyright 1986-2021 Xilinx, Inc. All Rights Reserved.

source debounce.tcl -notrace
Command: open_checkpoint debounce_routed.dcp

Time (s): cpu = 00:00:00 ; elapsed = 00:00:00.058 . Memory (MB): peak = 1556.754 ; gain = 0.000
CRITICAL WARNING: [Board 49-67] The board_part definition was not found for digilentinc.com:basys3:part0:1.1. This can happen sometimes when you use custom board part. You can resolve this issue by setting 'board.repoPaths' parameter, pointing to the location of custom board files. Valid board_part values can be retrieved with the 'get_board_parts' Tcl command.
CRITICAL WARNING: [Board 49-67] The board_part definition was not found for digilentinc.com:basys3:part0:1.1. This can happen sometimes when you use custom board part. You can resolve this issue by setting 'board.repoPaths' parameter, pointing to the location of custom board files. Valid board_part values can be retrieved with the 'get_board_parts' Tcl command.
INFO: [Device 21-403] Loading part xc7a35tcpg236-1
Netlist sorting complete. Time (s): cpu = 00:00:00 ; elapsed = 00:00:00.001 . Memory (MB): peak = 1556.754 ; gain = 0.000
INFO: [Netlist 29-17] Analyzing 8 Unisim elements for replacement
INFO: [Netlist 29-28] Unisim Transformation completed in 0 CPU seconds
INFO: [Project 1-479] Netlist was created with Vivado 2021.2
INFO: [Project 1-570] Preparing netlist for logic optimization
INFO: [Timing 38-478] Restoring timing data from binary archive.
INFO: [Timing 38-479] Binary timing data restore complete.
INFO: [Project 1-856] Restoring constraints from binary archive.
INFO: [Project 1-853] Binary constraint restore complete.
Reading XDEF placement.
Reading placer database...
Reading XDEF routing.
Read XDEF File: Time (s): cpu = 00:00:00 ; elapsed = 00:00:00.146 . Memory (MB): peak = 1730.129 ; gain = 16.484
Restored from archive | CPU: 0.000000 secs | Memory: 0.000000 MB |
Finished XDEF File Restore: Time (s): cpu = 00:00:00 ; elapsed = 00:00:00.147 . Memory (MB): peak = 1730.129 ; gain = 16.484
Netlist sorting complete. Time (s): cpu = 00:00:00 ; elapsed = 00:00:00 . Memory (MB): peak = 1730.129 ; gain = 0.000
INFO: [Project 1-111] Unisim Transformation Summary:
No Unisim elements were transformed.

INFO: [Project 1-604] Checkpoint was created with Vivado v2021.2 (64-bit) build 3367213
open_checkpoint: Time (s): cpu = 00:00:20 ; elapsed = 00:00:22 . Memory (MB): peak = 1730.129 ; gain = 173.375
Command: write_bitstream -force debounce.bit -bin_file
Attempting to get a license for feature 'Implementation' and/or device 'xc7a35t'
INFO: [Common 17-349] Got license for feature 'Implementation' and/or device 'xc7a35t'
Running DRC as a precondition to command write_bitstream
INFO: [IP_Flow 19-234] Refreshing IP repositories
INFO: [IP_Flow 19-1704] No user IP repositories specified
INFO: [IP_Flow 19-2313] Loaded Vivado IP repository 'C:/Xilinx/Vivado/2021.2/data/ip'.
INFO: [DRC 23-27] Running DRC with 2 threads
WARNING: [DRC CFGBVS-1] Missing CFGBVS and CONFIG_VOLTAGE Design Properties: Neither the CFGBVS nor CONFIG_VOLTAGE voltage property is set in the current_design.  Configuration bank voltage select (CFGBVS) must be set to VCCO or GND, and CONFIG_VOLTAGE must be set to the correct configuration voltage, in order to determine the I/O voltage support for the pins in bank 0.  It is suggested to specify these either using the 'Edit Device Properties' function in the GUI or directly in the XDC file using the following syntax:

 set_property CFGBVS value1 [current_design]
 #where value1 is either VCCO or GND

 set_property CONFIG_VOLTAGE value2 [current_design]
 #where value2 is the voltage provided to configuration bank 0

Refer to the device configuration user guide for more information.
INFO: [Vivado 12-3199] DRC finished with 0 Errors, 1 Warnings
INFO: [Vivado 12-3200] Please refer to the DRC report (report_drc) for more information.
INFO: [Designutils 20-2272] Running write_bitstream with 2 threads.
Loading data files...
Loading site data...
Loading route data...
Processing options...
Creating bitmap...
Creating bitstream...
Writing bitstream ./debounce.bit...
Writing bitstream ./debounce.bin...
INFO: [Vivado 12-1842] Bitgen Completed Successfully.
INFO: [Common 17-83] Releasing license: Implementation
21 Infos, 1 Warnings, 2 Critical Warnings and 0 Errors encountered.
write_bitstream completed successfully
write_bitstream: Time (s): cpu = 00:00:17 ; elapsed = 00:00:16 . Memory (MB): peak = 2214.387 ; gain = 484.258
INFO: [Common 17-206] Exiting Vivado at Tue Jun  7 13:55:22 2022...
